app/build/intermediates/manifest_merge_blame_file/debug/manifest-merger-blame-debug-report.txt
1<?xml version="1.0" encoding="utf-8"?>
2<manifest xmlns:android="http://schemas.android.com/apk/res/android"
3    package="securityteam.ece.uowm"
4    android:versionCode="1"
5    android:versionName="1.0" >
6
7    <uses-sdk
8        android:minSdkVersion="21"
8-->src\main\AndroidManifest.xml
9        android:targetSdkVersion="29" />
9-->src\main\AndroidManifest.xml
10
11    <uses-permission android:name="android.permission.INTERNET" />
11-->src\main\AndroidManifest.xml:5:5-67
11-->src\main\AndroidManifest.xml:5:22-64
12    <uses-permission android:name="android.permission.FOREGROUND_SERVICE" />
12-->src\main\AndroidManifest.xml:6:5-77
12-->src\main\AndroidManifest.xml:6:22-74
13
14    <application
14-->src\main\AndroidManifest.xml:8:5-35:19
15        android:allowBackup="true"
15-->src\main\AndroidManifest.xml:9:9-35
16        android:appComponentFactory="androidx.core.app.CoreComponentFactory"
16-->[androidx.core:core:1.1.0] AndroidManifest.xml:24:18-86
17        android:configChanges="orientation"
17-->src\main\AndroidManifest.xml:14:9-44
18        android:debuggable="true"
19        android:icon="@mipmap/ic_launcher"
19-->src\main\AndroidManifest.xml:10:9-43
20        android:label="@string/app_name"
20-->src\main\AndroidManifest.xml:11:9-41
21        android:roundIcon="@mipmap/ic_launcher_round"
21-->src\main\AndroidManifest.xml:12:9-54
22        android:supportsRtl="true"
22-->src\main\AndroidManifest.xml:13:9-35
23        android:testOnly="true"
24        android:theme="@style/AppTheme" >
24-->src\main\AndroidManifest.xml:15:9-40
25        <activity android:name="securityteam.ece.uowm.PacketDisplayActivity" />
25-->src\main\AndroidManifest.xml:16:9-68
25-->src\main\AndroidManifest.xml:16:19-56
26        <activity android:name="securityteam.ece.uowm.SelectMethod" >
26-->src\main\AndroidManifest.xml:17:9-23:20
26-->src\main\AndroidManifest.xml:17:19-47
27            <intent-filter>
27-->src\main\AndroidManifest.xml:18:13-22:29
28                <action android:name="android.intent.action.MAIN" />
28-->src\main\AndroidManifest.xml:19:17-69
28-->src\main\AndroidManifest.xml:19:25-66
29
30                <category android:name="android.intent.category.LAUNCHER" />
30-->src\main\AndroidManifest.xml:21:17-77
30-->src\main\AndroidManifest.xml:21:27-74
31            </intent-filter>
32        </activity>
33        <activity
33-->src\main\AndroidManifest.xml:24:9-26:90
34            android:name="securityteam.ece.uowm.CaptureActivity"
34-->src\main\AndroidManifest.xml:25:13-44
35            android:configChanges="orientation|screenSize|screenLayout|keyboardHidden" />
35-->src\main\AndroidManifest.xml:26:13-87
36
37        <service
37-->src\main\AndroidManifest.xml:28:9-34:19
38            android:name="securityteam.ece.uowm.LocalVPNService"
38-->src\main\AndroidManifest.xml:29:13-44
39            android:permission="android.permission.BIND_VPN_SERVICE" >
39-->src\main\AndroidManifest.xml:30:13-69
40            <intent-filter>
40-->src\main\AndroidManifest.xml:31:13-33:29
41                <action android:name="android.net.VpnService" />
41-->src\main\AndroidManifest.xml:32:17-65
41-->src\main\AndroidManifest.xml:32:25-62
42            </intent-filter>
43        </service>
44    </application>
45
46</manifest>